#
# There is insufficient memory for the Java Runtime Environment to continue.
# Native memory allocation (malloc) failed to allocate 635856 bytes for Chunk::new
# Possible reasons:
#   The system is out of physical RAM or swap space
#   The process is running with CompressedOops enabled, and the Java Heap may be blocking the growth of the native heap
# Possible solutions:
#   Reduce memory load on the system
#   Increase physical memory or swap space
#   Check if swap backing store is full
#   Decrease Java heap size (-Xmx/-Xms)
#   Decrease number of Java threads
#   Decrease Java thread stack sizes (-Xss)
#   Set larger code cache with -XX:ReservedCodeCacheSize=
#   JVM is running with Zero Based Compressed Oops mode in which the Java heap is
#     placed in the first 32GB address space. The Java Heap base address is the
#     maximum limit for the native heap growth. Please use -XX:HeapBaseMinAddress
#     to set the Java Heap base and to place the Java Heap above 32GB virtual address.
# This output file may be truncated or incomplete.
#
#  Out of Memory Error (arena.cpp:191), pid=11796, tid=10300
#
# JRE version: OpenJDK Runtime Environment Temurin-17.0.10+7 (17.0.10+7) (build 17.0.10+7)
# Java VM: OpenJDK 64-Bit Server VM Temurin-17.0.10+7 (17.0.10+7, mixed mode, sharing, tiered, compressed oops, compressed class ptrs, g1 gc, windows-amd64)
# No core dump will be written. Minidumps are not enabled by default on client versions of Windows
#

---------------  S U M M A R Y ------------

Command Line: -XX:+ShowCodeDetailsInExceptionMessages com.star_movies.StarMoviesApplication

Host: Intel(R) Core(TM) i5-6300U CPU @ 2.40GHz, 4 cores, 11G,  Windows 10 , 64 bit Build 19041 (10.0.19041.3636)
Time: Fri Jul 11 10:26:18 2025 SE Asia Standard Time elapsed time: 3.277935 seconds (0d 0h 0m 3s)

---------------  T H R E A D  ---------------

Current thread (0x00000131dace3340):  JavaThread "C2 CompilerThread1" daemon [_thread_in_native, id=10300, stack(0x000000311e100000,0x000000311e200000)]


Current CompileTask:
C2:   3278 1548       4       jdk.internal.org.objectweb.asm.Frame::execute (2305 bytes)

Stack: [0x000000311e100000,0x000000311e200000]
Native frames: (J=compiled Java code, j=interpreted, Vv=VM code, C=native code)
V  [jvm.dll+0x67d2c9]
V  [jvm.dll+0x834afa]
V  [jvm.dll+0x8365be]
V  [jvm.dll+0x836c23]
V  [jvm.dll+0x2477ff]
V  [jvm.dll+0xac514]
V  [jvm.dll+0xacb5c]
V  [jvm.dll+0x2aed1f]
V  [jvm.dll+0x584b67]
V  [jvm.dll+0x2228a2]
V  [jvm.dll+0x21b942]
V  [jvm.dll+0x219201]
V  [jvm.dll+0x1a502d]
V  [jvm.dll+0x2290de]
V  [jvm.dll+0x2272ac]
V  [jvm.dll+0x7e9bb7]
V  [jvm.dll+0x7e3fba]
V  [jvm.dll+0x67c1b5]
C  [ucrtbase.dll+0x21bb2]
C  [KERNEL32.DLL+0x17344]
C  [ntdll.dll+0x526b1]


---------------  P R O C E S S  ---------------

Threads class SMR info:
_java_thread_list=0x0000013220701d20, length=14, elements={
0x00000131b7f64d20, 0x00000131d9fe03d0, 0x00000131d9fe1160, 0x00000131d9ff9170,
0x00000131d9ffba50, 0x00000131d9ffd0d0, 0x00000131d9ffd9a0, 0x00000131d9ffedf0,
0x00000131da014ee0, 0x00000131da026de0, 0x00000131da2589f0, 0x00000131da2613f0,
0x00000131dace3340, 0x0000013220703760
}

Java Threads: ( => current thread )
  0x00000131b7f64d20 JavaThread "main" [_thread_in_Java, id=10448, stack(0x000000311cd00000,0x000000311ce00000)]
  0x00000131d9fe03d0 JavaThread "Reference Handler" daemon [_thread_blocked, id=10892, stack(0x000000311d500000,0x000000311d600000)]
  0x00000131d9fe1160 JavaThread "Finalizer" daemon [_thread_blocked, id=2864, stack(0x000000311d600000,0x000000311d700000)]
  0x00000131d9ff9170 JavaThread "Signal Dispatcher" daemon [_thread_blocked, id=1112, stack(0x000000311d700000,0x000000311d800000)]
  0x00000131d9ffba50 JavaThread "Attach Listener" daemon [_thread_blocked, id=11356, stack(0x000000311d800000,0x000000311d900000)]
  0x00000131d9ffd0d0 JavaThread "Service Thread" daemon [_thread_blocked, id=11096, stack(0x000000311d900000,0x000000311da00000)]
  0x00000131d9ffd9a0 JavaThread "Monitor Deflation Thread" daemon [_thread_blocked, id=3764, stack(0x000000311da00000,0x000000311db00000)]
  0x00000131d9ffedf0 JavaThread "C2 CompilerThread0" daemon [_thread_in_native, id=11516, stack(0x000000311db00000,0x000000311dc00000)]
  0x00000131da014ee0 JavaThread "C1 CompilerThread0" daemon [_thread_in_native, id=6960, stack(0x000000311dc00000,0x000000311dd00000)]
  0x00000131da026de0 JavaThread "Sweeper thread" daemon [_thread_blocked, id=8932, stack(0x000000311dd00000,0x000000311de00000)]
  0x00000131da2589f0 JavaThread "Notification Thread" daemon [_thread_blocked, id=12204, stack(0x000000311de00000,0x000000311df00000)]
  0x00000131da2613f0 JavaThread "Common-Cleaner" daemon [_thread_blocked, id=4328, stack(0x000000311e000000,0x000000311e100000)]
=>0x00000131dace3340 JavaThread "C2 CompilerThread1" daemon [_thread_in_native, id=10300, stack(0x000000311e100000,0x000000311e200000)]
  0x0000013220703760 JavaThread "background-preinit" [_thread_in_vm, id=11420, stack(0x000000311e500000,0x000000311e600000)]

Other Threads:
  0x00000131d9fdc860 VMThread "VM Thread" [stack: 0x000000311d400000,0x000000311d500000] [id=812]
  0x00000131da258ed0 WatcherThread [stack: 0x000000311df00000,0x000000311e000000] [id=8800]
  0x00000131b7fc52e0 GCTaskThread "GC Thread#0" [stack: 0x000000311cf00000,0x000000311d000000] [id=5468]
  0x00000131da761f30 GCTaskThread "GC Thread#1" [stack: 0x000000311e200000,0x000000311e300000] [id=4808]
  0x00000131da877ad0 GCTaskThread "GC Thread#2" [stack: 0x000000311e300000,0x000000311e400000] [id=1488]
  0x00000131da877d90 GCTaskThread "GC Thread#3" [stack: 0x000000311e400000,0x000000311e500000] [id=7500]
  0x00000131b7fd1f90 ConcurrentGCThread "G1 Main Marker" [stack: 0x000000311d000000,0x000000311d100000] [id=11700]
  0x00000131b7fd28c0 ConcurrentGCThread "G1 Conc#0" [stack: 0x000000311d100000,0x000000311d200000] [id=6724]
  0x00000131b800e350 ConcurrentGCThread "G1 Refine#0" [stack: 0x000000311d200000,0x000000311d300000] [id=5456]
  0x00000131b800ec90 ConcurrentGCThread "G1 Service" [stack: 0x000000311d300000,0x000000311d400000] [id=472]

Threads with active compile tasks:
C2 CompilerThread0     3339 1445       4       org.springframework.boot.context.config.ConfigDataEnvironmentContributor$ContributorIterator::fetchIfNecessary (153 bytes)
C2 CompilerThread1     3339 1548       4       jdk.internal.org.objectweb.asm.Frame::execute (2305 bytes)

VM state: not at safepoint (normal execution)

VM Mutex/Monitor currently owned by a thread: None

Heap address: 0x0000000741a00000, size: 3046 MB, Compressed Oops mode: Zero based, Oop shift amount: 3

CDS archive(s) mapped at: [0x00000131db000000-0x00000131dbbb0000-0x00000131dbbb0000), size 12255232, SharedBaseAddress: 0x00000131db000000, ArchiveRelocationMode: 1.
Compressed class space mapped at: 0x00000131dc000000-0x000001321c000000, reserved size: 1073741824
Narrow klass base: 0x00000131db000000, Narrow klass shift: 0, Narrow klass range: 0x100000000

GC Precious Log:
 CPUs: 4 total, 4 available
 Memory: 12179M
 Large Page Support: Disabled
 NUMA Support: Disabled
 Compressed Oops: Enabled (Zero based)
 Heap Region Size: 2M
 Heap Min Capacity: 8M
 Heap Initial Capacity: 192M
 Heap Max Capacity: 3046M
 Pre-touch: Disabled
 Parallel Workers: 4
 Concurrent Workers: 1
 Concurrent Refinement Workers: 4
 Periodic GC: Disabled

Heap:
 garbage-first heap   total 196608K, used 22948K [0x0000000741a00000, 0x0000000800000000)
  region size 2048K, 10 young (20480K), 1 survivors (2048K)
 Metaspace       used 8235K, committed 8512K, reserved 1114112K
  class space    used 1073K, committed 1216K, reserved 1048576K

Heap Regions: E=young(eden), S=young(survivor), O=old, HS=humongous(starts), HC=humongous(continues), CS=collection set, F=free, OA=open archive, CA=closed archive, TAMS=top-at-mark-start (previous, next)
|   0|0x0000000741a00000, 0x0000000741c00000, 0x0000000741c00000|100%| O|  |TAMS 0x0000000741a00000, 0x0000000741a00000| Untracked 
|   1|0x0000000741c00000, 0x0000000741e00000, 0x0000000741e00000|100%| O|  |TAMS 0x0000000741c00000, 0x0000000741c00000| Untracked 
|   2|0x0000000741e00000, 0x0000000741ff1a00, 0x0000000742000000| 97%| O|  |TAMS 0x0000000741e00000, 0x0000000741e00000| Untracked 
|   3|0x0000000742000000, 0x0000000742000000, 0x0000000742200000|  0%| F|  |TAMS 0x0000000742000000, 0x0000000742000000| Untracked 
|   4|0x0000000742200000, 0x0000000742200000, 0x0000000742400000|  0%| F|  |TAMS 0x0000000742200000, 0x0000000742200000| Untracked 
|   5|0x0000000742400000, 0x0000000742400000, 0x0000000742600000|  0%| F|  |TAMS 0x0000000742400000, 0x0000000742400000| Untracked 
|   6|0x0000000742600000, 0x0000000742600000, 0x0000000742800000|  0%| F|  |TAMS 0x0000000742600000, 0x0000000742600000| Untracked 
|   7|0x0000000742800000, 0x0000000742800000, 0x0000000742a00000|  0%| F|  |TAMS 0x0000000742800000, 0x0000000742800000| Untracked 
|   8|0x0000000742a00000, 0x0000000742a00000, 0x0000000742c00000|  0%| F|  |TAMS 0x0000000742a00000, 0x0000000742a00000| Untracked 
|   9|0x0000000742c00000, 0x0000000742c00000, 0x0000000742e00000|  0%| F|  |TAMS 0x0000000742c00000, 0x0000000742c00000| Untracked 
|  10|0x0000000742e00000, 0x0000000742e00000, 0x0000000743000000|  0%| F|  |TAMS 0x0000000742e00000, 0x0000000742e00000| Untracked 
|  11|0x0000000743000000, 0x0000000743000000, 0x0000000743200000|  0%| F|  |TAMS 0x0000000743000000, 0x0000000743000000| Untracked 
|  12|0x0000000743200000, 0x0000000743200000, 0x0000000743400000|  0%| F|  |TAMS 0x0000000743200000, 0x0000000743200000| Untracked 
|  13|0x0000000743400000, 0x0000000743400000, 0x0000000743600000|  0%| F|  |TAMS 0x0000000743400000, 0x0000000743400000| Untracked 
|  14|0x0000000743600000, 0x0000000743600000, 0x0000000743800000|  0%| F|  |TAMS 0x0000000743600000, 0x0000000743600000| Untracked 
|  15|0x0000000743800000, 0x0000000743800000, 0x0000000743a00000|  0%| F|  |TAMS 0x0000000743800000, 0x0000000743800000| Untracked 
|  16|0x0000000743a00000, 0x0000000743a00000, 0x0000000743c00000|  0%| F|  |TAMS 0x0000000743a00000, 0x0000000743a00000| Untracked 
|  17|0x0000000743c00000, 0x0000000743c00000, 0x0000000743e00000|  0%| F|  |TAMS 0x0000000743c00000, 0x0000000743c00000| Untracked 
|  18|0x0000000743e00000, 0x0000000743e00000, 0x0000000744000000|  0%| F|  |TAMS 0x0000000743e00000, 0x0000000743e00000| Untracked 
|  19|0x0000000744000000, 0x0000000744000000, 0x0000000744200000|  0%| F|  |TAMS 0x0000000744000000, 0x0000000744000000| Untracked 
|  20|0x0000000744200000, 0x0000000744200000, 0x0000000744400000|  0%| F|  |TAMS 0x0000000744200000, 0x0000000744200000| Untracked 
|  21|0x0000000744400000, 0x0000000744400000, 0x0000000744600000|  0%| F|  |TAMS 0x0000000744400000, 0x0000000744400000| Untracked 
|  22|0x0000000744600000, 0x0000000744600000, 0x0000000744800000|  0%| F|  |TAMS 0x0000000744600000, 0x0000000744600000| Untracked 
|  23|0x0000000744800000, 0x0000000744800000, 0x0000000744a00000|  0%| F|  |TAMS 0x0000000744800000, 0x0000000744800000| Untracked 
|  24|0x0000000744a00000, 0x0000000744a00000, 0x0000000744c00000|  0%| F|  |TAMS 0x0000000744a00000, 0x0000000744a00000| Untracked 
|  25|0x0000000744c00000, 0x0000000744c00000, 0x0000000744e00000|  0%| F|  |TAMS 0x0000000744c00000, 0x0000000744c00000| Untracked 
|  26|0x0000000744e00000, 0x0000000744e00000, 0x0000000745000000|  0%| F|  |TAMS 0x0000000744e00000, 0x0000000744e00000| Untracked 
|  27|0x0000000745000000, 0x0000000745000000, 0x0000000745200000|  0%| F|  |TAMS 0x0000000745000000, 0x0000000745000000| Untracked 
|  28|0x0000000745200000, 0x0000000745200000, 0x0000000745400000|  0%| F|  |TAMS 0x0000000745200000, 0x0000000745200000| Untracked 
|  29|0x0000000745400000, 0x0000000745400000, 0x0000000745600000|  0%| F|  |TAMS 0x0000000745400000, 0x0000000745400000| Untracked 
|  30|0x0000000745600000, 0x0000000745600000, 0x0000000745800000|  0%| F|  |TAMS 0x0000000745600000, 0x0000000745600000| Untracked 
|  31|0x0000000745800000, 0x0000000745800000, 0x0000000745a00000|  0%| F|  |TAMS 0x0000000745800000, 0x0000000745800000| Untracked 
|  32|0x0000000745a00000, 0x0000000745a00000, 0x0000000745c00000|  0%| F|  |TAMS 0x0000000745a00000, 0x0000000745a00000| Untracked 
|  33|0x0000000745c00000, 0x0000000745c00000, 0x0000000745e00000|  0%| F|  |TAMS 0x0000000745c00000, 0x0000000745c00000| Untracked 
|  34|0x0000000745e00000, 0x0000000745e00000, 0x0000000746000000|  0%| F|  |TAMS 0x0000000745e00000, 0x0000000745e00000| Untracked 
|  35|0x0000000746000000, 0x0000000746000000, 0x0000000746200000|  0%| F|  |TAMS 0x0000000746000000, 0x0000000746000000| Untracked 
|  36|0x0000000746200000, 0x0000000746200000, 0x0000000746400000|  0%| F|  |TAMS 0x0000000746200000, 0x0000000746200000| Untracked 
|  37|0x0000000746400000, 0x0000000746400000, 0x0000000746600000|  0%| F|  |TAMS 0x0000000746400000, 0x0000000746400000| Untracked 
|  38|0x0000000746600000, 0x0000000746600000, 0x0000000746800000|  0%| F|  |TAMS 0x0000000746600000, 0x0000000746600000| Untracked 
|  39|0x0000000746800000, 0x0000000746800000, 0x0000000746a00000|  0%| F|  |TAMS 0x0000000746800000, 0x0000000746800000| Untracked 
|  40|0x0000000746a00000, 0x0000000746a00000, 0x0000000746c00000|  0%| F|  |TAMS 0x0000000746a00000, 0x0000000746a00000| Untracked 
|  41|0x0000000746c00000, 0x0000000746c00000, 0x0000000746e00000|  0%| F|  |TAMS 0x0000000746c00000, 0x0000000746c00000| Untracked 
|  42|0x0000000746e00000, 0x0000000746e00000, 0x0000000747000000|  0%| F|  |TAMS 0x0000000746e00000, 0x0000000746e00000| Untracked 
|  43|0x0000000747000000, 0x0000000747000000, 0x0000000747200000|  0%| F|  |TAMS 0x0000000747000000, 0x0000000747000000| Untracked 
|  44|0x0000000747200000, 0x0000000747200000, 0x0000000747400000|  0%| F|  |TAMS 0x0000000747200000, 0x0000000747200000| Untracked 
|  45|0x0000000747400000, 0x0000000747400000, 0x0000000747600000|  0%| F|  |TAMS 0x0000000747400000, 0x0000000747400000| Untracked 
|  46|0x0000000747600000, 0x0000000747600000, 0x0000000747800000|  0%| F|  |TAMS 0x0000000747600000, 0x0000000747600000| Untracked 
|  47|0x0000000747800000, 0x0000000747800000, 0x0000000747a00000|  0%| F|  |TAMS 0x0000000747800000, 0x0000000747800000| Untracked 
|  48|0x0000000747a00000, 0x0000000747a00000, 0x0000000747c00000|  0%| F|  |TAMS 0x0000000747a00000, 0x0000000747a00000| Untracked 
|  49|0x0000000747c00000, 0x0000000747c00000, 0x0000000747e00000|  0%| F|  |TAMS 0x0000000747c00000, 0x0000000747c00000| Untracked 
|  50|0x0000000747e00000, 0x0000000747e00000, 0x0000000748000000|  0%| F|  |TAMS 0x0000000747e00000, 0x0000000747e00000| Untracked 
|  51|0x0000000748000000, 0x0000000748000000, 0x0000000748200000|  0%| F|  |TAMS 0x0000000748000000, 0x0000000748000000| Untracked 
|  52|0x0000000748200000, 0x0000000748200000, 0x0000000748400000|  0%| F|  |TAMS 0x0000000748200000, 0x0000000748200000| Untracked 
|  53|0x0000000748400000, 0x0000000748400000, 0x0000000748600000|  0%| F|  |TAMS 0x0000000748400000, 0x0000000748400000| Untracked 
|  54|0x0000000748600000, 0x0000000748600000, 0x0000000748800000|  0%| F|  |TAMS 0x0000000748600000, 0x0000000748600000| Untracked 
|  55|0x0000000748800000, 0x0000000748800000, 0x0000000748a00000|  0%| F|  |TAMS 0x0000000748800000, 0x0000000748800000| Untracked 
|  56|0x0000000748a00000, 0x0000000748a00000, 0x0000000748c00000|  0%| F|  |TAMS 0x0000000748a00000, 0x0000000748a00000| Untracked 
|  57|0x0000000748c00000, 0x0000000748c00000, 0x0000000748e00000|  0%| F|  |TAMS 0x0000000748c00000, 0x0000000748c00000| Untracked 
|  58|0x0000000748e00000, 0x0000000748e00000, 0x0000000749000000|  0%| F|  |TAMS 0x0000000748e00000, 0x0000000748e00000| Untracked 
|  59|0x0000000749000000, 0x0000000749000000, 0x0000000749200000|  0%| F|  |TAMS 0x0000000749000000, 0x0000000749000000| Untracked 
|  60|0x0000000749200000, 0x0000000749200000, 0x0000000749400000|  0%| F|  |TAMS 0x0000000749200000, 0x0000000749200000| Untracked 
|  61|0x0000000749400000, 0x0000000749400000, 0x0000000749600000|  0%| F|  |TAMS 0x0000000749400000, 0x0000000749400000| Untracked 
|  62|0x0000000749600000, 0x0000000749600000, 0x0000000749800000|  0%| F|  |TAMS 0x0000000749600000, 0x0000000749600000| Untracked 
|  63|0x0000000749800000, 0x0000000749800000, 0x0000000749a00000|  0%| F|  |TAMS 0x0000000749800000, 0x0000000749800000| Untracked 
|  64|0x0000000749a00000, 0x0000000749a00000, 0x0000000749c00000|  0%| F|  |TAMS 0x0000000749a00000, 0x0000000749a00000| Untracked 
|  65|0x0000000749c00000, 0x0000000749c00000, 0x0000000749e00000|  0%| F|  |TAMS 0x0000000749c00000, 0x0000000749c00000| Untracked 
|  66|0x0000000749e00000, 0x0000000749e00000, 0x000000074a000000|  0%| F|  |TAMS 0x0000000749e00000, 0x0000000749e00000| Untracked 
|  67|0x000000074a000000, 0x000000074a000000, 0x000000074a200000|  0%| F|  |TAMS 0x000000074a000000, 0x000000074a000000| Untracked 
|  68|0x000000074a200000, 0x000000074a200000, 0x000000074a400000|  0%| F|  |TAMS 0x000000074a200000, 0x000000074a200000| Untracked 
|  69|0x000000074a400000, 0x000000074a400000, 0x000000074a600000|  0%| F|  |TAMS 0x000000074a400000, 0x000000074a400000| Untracked 
|  70|0x000000074a600000, 0x000000074a600000, 0x000000074a800000|  0%| F|  |TAMS 0x000000074a600000, 0x000000074a600000| Untracked 
|  71|0x000000074a800000, 0x000000074a800000, 0x000000074aa00000|  0%| F|  |TAMS 0x000000074a800000, 0x000000074a800000| Untracked 
|  72|0x000000074aa00000, 0x000000074aa00000, 0x000000074ac00000|  0%| F|  |TAMS 0x000000074aa00000, 0x000000074aa00000| Untracked 
|  73|0x000000074ac00000, 0x000000074ac00000, 0x000000074ae00000|  0%| F|  |TAMS 0x000000074ac00000, 0x000000074ac00000| Untracked 
|  74|0x000000074ae00000, 0x000000074ae00000, 0x000000074b000000|  0%| F|  |TAMS 0x000000074ae00000, 0x000000074ae00000| Untracked 
|  75|0x000000074b000000, 0x000000074b000000, 0x000000074b200000|  0%| F|  |TAMS 0x000000074b000000, 0x000000074b000000| Untracked 
|  76|0x000000074b200000, 0x000000074b200000, 0x000000074b400000|  0%| F|  |TAMS 0x000000074b200000, 0x000000074b200000| Untracked 
|  77|0x000000074b400000, 0x000000074b400000, 0x000000074b600000|  0%| F|  |TAMS 0x000000074b400000, 0x000000074b400000| Untracked 
|  78|0x000000074b600000, 0x000000074b600000, 0x000000074b800000|  0%| F|  |TAMS 0x000000074b600000, 0x000000074b600000| Untracked 
|  79|0x000000074b800000, 0x000000074b800000, 0x000000074ba00000|  0%| F|  |TAMS 0x000000074b800000, 0x000000074b800000| Untracked 
|  80|0x000000074ba00000, 0x000000074ba00000, 0x000000074bc00000|  0%| F|  |TAMS 0x000000074ba00000, 0x000000074ba00000| Untracked 
|  81|0x000000074bc00000, 0x000000074bc00000, 0x000000074be00000|  0%| F|  |TAMS 0x000000074bc00000, 0x000000074bc00000| Untracked 
|  82|0x000000074be00000, 0x000000074be00000, 0x000000074c000000|  0%| F|  |TAMS 0x000000074be00000, 0x000000074be00000| Untracked 
|  83|0x000000074c000000, 0x000000074c000000, 0x000000074c200000|  0%| F|  |TAMS 0x000000074c000000, 0x000000074c000000| Untracked 
|  84|0x000000074c200000, 0x000000074c200000, 0x000000074c400000|  0%| F|  |TAMS 0x000000074c200000, 0x000000074c200000| Untracked 
|  85|0x000000074c400000, 0x000000074c464d78, 0x000000074c600000| 19%| E|  |TAMS 0x000000074c400000, 0x000000074c400000| Complete 
|  86|0x000000074c600000, 0x000000074c800000, 0x000000074c800000|100%| E|CS|TAMS 0x000000074c600000, 0x000000074c600000| Complete 
|  87|0x000000074c800000, 0x000000074ca00000, 0x000000074ca00000|100%| E|CS|TAMS 0x000000074c800000, 0x000000074c800000| Complete 
|  88|0x000000074ca00000, 0x000000074cc00000, 0x000000074cc00000|100%| E|CS|TAMS 0x000000074ca00000, 0x000000074ca00000| Complete 
|  89|0x000000074cc00000, 0x000000074ce00000, 0x000000074ce00000|100%| E|CS|TAMS 0x000000074cc00000, 0x000000074cc00000| Complete 
|  90|0x000000074ce00000, 0x000000074d000000, 0x000000074d000000|100%| E|CS|TAMS 0x000000074ce00000, 0x000000074ce00000| Complete 
|  91|0x000000074d000000, 0x000000074d200000, 0x000000074d200000|100%| E|CS|TAMS 0x000000074d000000, 0x000000074d000000| Complete 
|  92|0x000000074d200000, 0x000000074d277690, 0x000000074d400000| 23%| S|CS|TAMS 0x000000074d200000, 0x000000074d200000| Complete 
|  93|0x000000074d400000, 0x000000074d600000, 0x000000074d600000|100%| E|CS|TAMS 0x000000074d400000, 0x000000074d400000| Complete 
|  94|0x000000074d600000, 0x000000074d800000, 0x000000074d800000|100%| E|CS|TAMS 0x000000074d600000, 0x000000074d600000| Complete 
|  95|0x000000074d800000, 0x000000074da00000, 0x000000074da00000|100%| E|CS|TAMS 0x000000074d800000, 0x000000074d800000| Complete 

Card table byte_map: [0x00000131d0e80000,0x00000131d1480000] _byte_map_base: 0x00000131cd473000

Marking Bits (Prev, Next): (CMBitMap*) 0x00000131b7fc5810, (CMBitMap*) 0x00000131b7fc5850
 Prev Bits: [0x00000131d1a80000, 0x00000131d4a18000)
 Next Bits: [0x00000131d4a20000, 0x00000131d79b8000)

Polling page: 0x00000131c1230000

Metaspace:

Usage:
  Non-class:      7.06 MB used.
      Class:      1.06 MB used.
       Both:      8.11 MB used.

Virtual space:
  Non-class space:       64.00 MB reserved,       7.19 MB ( 11%) committed,  1 nodes.
      Class space:        1.00 GB reserved,       1.25 MB ( <1%) committed,  1 nodes.
             Both:        1.06 GB reserved,       8.44 MB ( <1%) committed. 

Chunk freelists:
   Non-Class:  7.55 MB
       Class:  14.61 MB
        Both:  22.16 MB

MaxMetaspaceSize: unlimited
CompressedClassSpaceSize: 1.00 GB
Initial GC threshold: 21.00 MB
Current GC threshold: 21.00 MB
CDS: on
MetaspaceReclaimPolicy: balanced
 - commit_granule_bytes: 65536.
 - commit_granule_words: 8192.
 - virtual_space_node_default_size: 8388608.
 - enlarge_chunks_in_place: 1.
 - new_chunks_are_fully_committed: 0.
 - uncommit_free_chunks: 1.
 - use_allocation_guard: 0.
 - handle_deallocations: 1.


Internal statistics:

num_allocs_failed_limit: 0.
num_arena_births: 330.
num_arena_deaths: 0.
num_vsnodes_births: 2.
num_vsnodes_deaths: 0.
num_space_committed: 136.
num_space_uncommitted: 0.
num_chunks_returned_to_freelist: 0.
num_chunks_taken_from_freelist: 642.
num_chunk_merges: 0.
num_chunk_splits: 400.
num_chunks_enlarged: 257.
num_inconsistent_stats: 0.

CodeHeap 'non-profiled nmethods': size=120000Kb used=562Kb max_used=562Kb free=119437Kb
 bounds [0x00000131c8d20000, 0x00000131c8f90000, 0x00000131d0250000]
CodeHeap 'profiled nmethods': size=120000Kb used=3137Kb max_used=3137Kb free=116862Kb
 bounds [0x00000131c1250000, 0x00000131c1570000, 0x00000131c8780000]
CodeHeap 'non-nmethods': size=5760Kb used=1158Kb max_used=1183Kb free=4602Kb
 bounds [0x00000131c8780000, 0x00000131c89f0000, 0x00000131c8d20000]
 total_blobs=2127 nmethods=1683 adapters=356
 compilation: enabled
              stopped_count=0, restarted_count=0
 full_count=0

Compilation events (20 events):
Event: 2.727 Thread 0x00000131da014ee0 1562       3       java.lang.invoke.LambdaForm::fixResult (31 bytes)
Event: 2.727 Thread 0x00000131da014ee0 nmethod 1562 0x00000131c150f590 code [0x00000131c150f740, 0x00000131c150f938]
Event: 2.727 Thread 0x00000131da014ee0 1565       3       java.lang.invoke.LambdaForm$NamedFunction::<init> (15 bytes)
Event: 2.728 Thread 0x00000131da014ee0 nmethod 1565 0x00000131c150fa90 code [0x00000131c150fc40, 0x00000131c150fe78]
Event: 2.728 Thread 0x00000131da014ee0 1567       3       java.lang.invoke.MethodHandleNatives::refKindIsGetter (32 bytes)
Event: 2.728 Thread 0x00000131da014ee0 nmethod 1567 0x00000131c150ff10 code [0x00000131c15100a0, 0x00000131c15101f8]
Event: 2.728 Thread 0x00000131da014ee0 1570       3       java.lang.invoke.InvokerBytecodeGenerator::generateCustomizedCode (34 bytes)
Event: 2.729 Thread 0x00000131da014ee0 nmethod 1570 0x00000131c1510290 code [0x00000131c15104c0, 0x00000131c1510a18]
Event: 2.729 Thread 0x00000131da014ee0 1571       3       java.lang.invoke.InvokerBytecodeGenerator::lookupPregenerated (294 bytes)
Event: 2.731 Thread 0x00000131da014ee0 nmethod 1571 0x00000131c1510c90 code [0x00000131c1511020, 0x00000131c1512668]
Event: 2.731 Thread 0x00000131da014ee0 1572       3       java.util.ImmutableCollections$List12::size (16 bytes)
Event: 2.731 Thread 0x00000131da014ee0 nmethod 1572 0x00000131c1512c90 code [0x00000131c1512e20, 0x00000131c1512fb8]
Event: 2.731 Thread 0x00000131da014ee0 1573       3       java.util.Arrays::rangeCheck (74 bytes)
Event: 2.732 Thread 0x00000131da014ee0 nmethod 1573 0x00000131c1513090 code [0x00000131c1513340, 0x00000131c1513d88]
Event: 2.732 Thread 0x00000131da014ee0 1574       3       java.lang.Enum::equals (11 bytes)
Event: 2.732 Thread 0x00000131da014ee0 nmethod 1574 0x00000131c1514190 code [0x00000131c1514320, 0x00000131c1514498]
Event: 2.743 Thread 0x00000131da014ee0 1575       3       ch.qos.logback.core.subst.Tokenizer::handleLiteralState (141 bytes)
Event: 2.745 Thread 0x00000131da014ee0 nmethod 1575 0x00000131c1514510 code [0x00000131c15147c0, 0x00000131c1515128]
Event: 2.761 Thread 0x00000131da014ee0 1576       3       ch.qos.logback.core.subst.Parser::peekAtCurentToken (35 bytes)
Event: 2.762 Thread 0x00000131da014ee0 nmethod 1576 0x00000131c1515490 code [0x00000131c1515660, 0x00000131c1515a98]

GC Heap History (4 events):
Event: 1.022 GC heap before
{Heap before GC invocations=0 (full 0):
 garbage-first heap   total 196608K, used 10240K [0x0000000741a00000, 0x0000000800000000)
  region size 2048K, 6 young (12288K), 0 survivors (0K)
 Metaspace       used 2014K, committed 2240K, reserved 1114112K
  class space    used 193K, committed 320K, reserved 1048576K
}
Event: 1.032 GC heap after
{Heap after GC invocations=1 (full 0):
 garbage-first heap   total 196608K, used 6064K [0x0000000741a00000, 0x0000000800000000)
  region size 2048K, 1 young (2048K), 1 survivors (2048K)
 Metaspace       used 2014K, committed 2240K, reserved 1114112K
  class space    used 193K, committed 320K, reserved 1048576K
}
Event: 1.456 GC heap before
{Heap before GC invocations=1 (full 0):
 garbage-first heap   total 196608K, used 12208K [0x0000000741a00000, 0x0000000800000000)
  region size 2048K, 4 young (8192K), 1 survivors (2048K)
 Metaspace       used 3880K, committed 4096K, reserved 1114112K
  class space    used 431K, committed 512K, reserved 1048576K
}
Event: 1.459 GC heap after
{Heap after GC invocations=2 (full 0):
 garbage-first heap   total 196608K, used 6564K [0x0000000741a00000, 0x0000000800000000)
  region size 2048K, 1 young (2048K), 1 survivors (2048K)
 Metaspace       used 3880K, committed 4096K, reserved 1114112K
  class space    used 431K, committed 512K, reserved 1048576K
}

Dll operation events (6 events):
Event: 0.021 Loaded shared library C:\Program Files\Eclipse Adoptium\jdk-17.0.10.7-hotspot\bin\java.dll
Event: 0.049 Loaded shared library C:\Program Files\Eclipse Adoptium\jdk-17.0.10.7-hotspot\bin\jsvml.dll
Event: 0.209 Loaded shared library C:\Program Files\Eclipse Adoptium\jdk-17.0.10.7-hotspot\bin\net.dll
Event: 0.212 Loaded shared library C:\Program Files\Eclipse Adoptium\jdk-17.0.10.7-hotspot\bin\nio.dll
Event: 0.216 Loaded shared library C:\Program Files\Eclipse Adoptium\jdk-17.0.10.7-hotspot\bin\zip.dll
Event: 0.677 Loaded shared library C:\Program Files\Eclipse Adoptium\jdk-17.0.10.7-hotspot\bin\jimage.dll

Deoptimization events (20 events):
Event: 2.432 Thread 0x00000131b7f64d20 Uncommon trap: trap_request=0xffffffde fr.pc=0x00000131c8d9eec8 relative=0x0000000000000128
Event: 2.432 Thread 0x00000131b7f64d20 Uncommon trap: reason=class_check action=maybe_recompile pc=0x00000131c8d9eec8 method=jdk.internal.misc.Unsafe.allocateUninitializedArray(Ljava/lang/Class;I)Ljava/lang/Object; @ 51 c2
Event: 2.432 Thread 0x00000131b7f64d20 DEOPT PACKING pc=0x00000131c8d9eec8 sp=0x000000311cdfe0f0
Event: 2.432 Thread 0x00000131b7f64d20 DEOPT UNPACKING pc=0x00000131c87d69a3 sp=0x000000311cdfe078 mode 2
Event: 2.432 Thread 0x00000131b7f64d20 Uncommon trap: trap_request=0xffffffde fr.pc=0x00000131c8d9eec8 relative=0x0000000000000128
Event: 2.432 Thread 0x00000131b7f64d20 Uncommon trap: reason=class_check action=maybe_recompile pc=0x00000131c8d9eec8 method=jdk.internal.misc.Unsafe.allocateUninitializedArray(Ljava/lang/Class;I)Ljava/lang/Object; @ 51 c2
Event: 2.433 Thread 0x00000131b7f64d20 DEOPT PACKING pc=0x00000131c8d9eec8 sp=0x000000311cdfe0f0
Event: 2.433 Thread 0x00000131b7f64d20 DEOPT UNPACKING pc=0x00000131c87d69a3 sp=0x000000311cdfe078 mode 2
Event: 2.435 Thread 0x00000131b7f64d20 Uncommon trap: trap_request=0xffffffde fr.pc=0x00000131c8d9eec8 relative=0x0000000000000128
Event: 2.435 Thread 0x00000131b7f64d20 Uncommon trap: reason=class_check action=maybe_recompile pc=0x00000131c8d9eec8 method=jdk.internal.misc.Unsafe.allocateUninitializedArray(Ljava/lang/Class;I)Ljava/lang/Object; @ 51 c2
Event: 2.435 Thread 0x00000131b7f64d20 DEOPT PACKING pc=0x00000131c8d9eec8 sp=0x000000311cdfe0f0
Event: 2.435 Thread 0x00000131b7f64d20 DEOPT UNPACKING pc=0x00000131c87d69a3 sp=0x000000311cdfe078 mode 2
Event: 2.435 Thread 0x00000131b7f64d20 Uncommon trap: trap_request=0xffffffde fr.pc=0x00000131c8d9eec8 relative=0x0000000000000128
Event: 2.435 Thread 0x00000131b7f64d20 Uncommon trap: reason=class_check action=maybe_recompile pc=0x00000131c8d9eec8 method=jdk.internal.misc.Unsafe.allocateUninitializedArray(Ljava/lang/Class;I)Ljava/lang/Object; @ 51 c2
Event: 2.435 Thread 0x00000131b7f64d20 DEOPT PACKING pc=0x00000131c8d9eec8 sp=0x000000311cdfe0f0
Event: 2.435 Thread 0x00000131b7f64d20 DEOPT UNPACKING pc=0x00000131c87d69a3 sp=0x000000311cdfe078 mode 2
Event: 2.459 Thread 0x00000131b7f64d20 Uncommon trap: trap_request=0xffffffc6 fr.pc=0x00000131c8d78a14 relative=0x0000000000000334
Event: 2.459 Thread 0x00000131b7f64d20 Uncommon trap: reason=bimorphic_or_optimized_type_check action=maybe_recompile pc=0x00000131c8d78a14 method=java.util.HashMap.getNode(Ljava/lang/Object;)Ljava/util/HashMap$Node; @ 63 c2
Event: 2.459 Thread 0x00000131b7f64d20 DEOPT PACKING pc=0x00000131c8d78a14 sp=0x000000311cdfe840
Event: 2.459 Thread 0x00000131b7f64d20 DEOPT UNPACKING pc=0x00000131c87d69a3 sp=0x000000311cdfe7a8 mode 2

Classes unloaded (0 events):
No events

Classes redefined (0 events):
No events

Internal exceptions (20 events):
Event: 2.289 Thread 0x00000131b7f64d20 Exception <a 'java/lang/NoSuchMethodError'{0x000000074cc060c8}: 'void java.lang.invoke.DelegatingMethodHandle$Holder.delegate(java.lang.Object, java.lang.Object, int, java.lang.Object)'> (0x000000074cc060c8) 
thrown [s\src\hotspot\share\interpreter\linkResolver.cpp, line 759]
Event: 2.299 Thread 0x00000131b7f64d20 Exception <a 'java/lang/NoSuchMethodError'{0x000000074cc266b8}: 'int java.lang.invoke.DirectMethodHandle$Holder.invokeVirtual(java.lang.Object, java.lang.Object, java.lang.Object)'> (0x000000074cc266b8) 
thrown [s\src\hotspot\share\interpreter\linkResolver.cpp, line 759]
Event: 2.299 Thread 0x00000131b7f64d20 Exception <a 'java/lang/NoSuchMethodError'{0x000000074cc2adf0}: 'int java.lang.invoke.DirectMethodHandle$Holder.invokeStaticInit(java.lang.Object, int, int)'> (0x000000074cc2adf0) 
thrown [s\src\hotspot\share\interpreter\linkResolver.cpp, line 759]
Event: 2.301 Thread 0x00000131b7f64d20 Exception <a 'java/lang/NoSuchMethodError'{0x000000074cc32980}: 'int java.lang.invoke.DirectMethodHandle$Holder.invokeStaticInit(java.lang.Object, long, long)'> (0x000000074cc32980) 
thrown [s\src\hotspot\share\interpreter\linkResolver.cpp, line 759]
Event: 2.302 Thread 0x00000131b7f64d20 Exception <a 'java/lang/NoSuchMethodError'{0x000000074cc39a78}: 'int java.lang.invoke.DirectMethodHandle$Holder.invokeStaticInit(java.lang.Object, float, float)'> (0x000000074cc39a78) 
thrown [s\src\hotspot\share\interpreter\linkResolver.cpp, line 759]
Event: 2.304 Thread 0x00000131b7f64d20 Exception <a 'java/lang/NoSuchMethodError'{0x000000074cc40b78}: 'int java.lang.invoke.DirectMethodHandle$Holder.invokeStaticInit(java.lang.Object, double, double)'> (0x000000074cc40b78) 
thrown [s\src\hotspot\share\interpreter\linkResolver.cpp, line 759]
Event: 2.305 Thread 0x00000131b7f64d20 Exception <a 'java/lang/NoSuchMethodError'{0x000000074cc453f0}: 'int java.lang.invoke.DirectMethodHandle$Holder.invokeStatic(java.lang.Object, long)'> (0x000000074cc453f0) 
thrown [s\src\hotspot\share\interpreter\linkResolver.cpp, line 759]
Event: 2.319 Thread 0x00000131b7f64d20 Exception <a 'java/lang/NoSuchMethodError'{0x000000074cc69c60}: 'int java.lang.invoke.Invokers$Holder.linkToTargetMethod(java.lang.Object, java.lang.Object)'> (0x000000074cc69c60) 
thrown [s\src\hotspot\share\interpreter\linkResolver.cpp, line 759]
Event: 2.349 Thread 0x00000131b7f64d20 Exception <a 'java/lang/NoSuchMethodError'{0x000000074ccf16d0}: 'java.lang.Object java.lang.invoke.DirectMethodHandle$Holder.invokeSpecial(java.lang.Object, java.lang.Object, java.lang.Object, int, java.lang.Object)'> (0x000000074ccf16d0) 
thrown [s\src\hotspot\share\interpreter\linkResolver.cpp, line 759]
Event: 2.355 Thread 0x00000131b7f64d20 Exception <a 'java/lang/NoSuchMethodError'{0x000000074ccf9c38}: 'java.lang.Object java.lang.invoke.DirectMethodHandle$Holder.newInvokeSpecial(java.lang.Object, java.lang.Object, java.lang.Object, int, java.lang.Object)'> (0x000000074ccf9c38) 
thrown [s\src\hotspot\share\interpreter\linkResolver.cpp, line 759]
Event: 2.357 Thread 0x00000131b7f64d20 Exception <a 'java/lang/NoSuchMethodError'{0x000000074cd01608}: 'java.lang.Object java.lang.invoke.Invokers$Holder.linkToTargetMethod(java.lang.Object, java.lang.Object, int, java.lang.Object, java.lang.Object)'> (0x000000074cd01608) 
thrown [s\src\hotspot\share\interpreter\linkResolver.cpp, line 759]
Event: 2.359 Thread 0x00000131b7f64d20 Exception <a 'java/lang/NoSuchMethodError'{0x000000074cd119f0}: 'java.lang.Object java.lang.invoke.DirectMethodHandle$Holder.newInvokeSpecial(java.lang.Object, int, java.lang.Object)'> (0x000000074cd119f0) 
thrown [s\src\hotspot\share\interpreter\linkResolver.cpp, line 759]
Event: 2.360 Thread 0x00000131b7f64d20 Exception <a 'java/lang/NoSuchMethodError'{0x000000074cd164c0}: 'int java.lang.invoke.DirectMethodHandle$Holder.invokeSpecialIFC(java.lang.Object, java.lang.Object, java.lang.Object, java.lang.Object)'> (0x000000074cd164c0) 
thrown [s\src\hotspot\share\interpreter\linkResolver.cpp, line 759]
Event: 2.410 Thread 0x00000131b7f64d20 Exception <a 'java/lang/NoSuchMethodError'{0x000000074cdd4450}: 'void java.lang.invoke.DirectMethodHandle$Holder.invokeInterface(java.lang.Object, java.lang.Object, java.lang.Object)'> (0x000000074cdd4450) 
thrown [s\src\hotspot\share\interpreter\linkResolver.cpp, line 759]
Event: 2.495 Thread 0x00000131b7f64d20 Exception <a 'java/lang/NoSuchMethodError'{0x000000074ca60568}: 'void java.lang.invoke.DirectMethodHandle$Holder.invokeStaticInit(java.lang.Object, java.lang.Object, java.lang.Object)'> (0x000000074ca60568) 
thrown [s\src\hotspot\share\interpreter\linkResolver.cpp, line 759]
Event: 2.567 Thread 0x00000131b7f64d20 Exception <a 'java/lang/NoSuchMethodError'{0x000000074cab3698}: 'java.lang.Object java.lang.invoke.DirectMethodHandle$Holder.invokeVirtual(java.lang.Object, java.lang.Object, java.lang.Object)'> (0x000000074cab3698) 
thrown [s\src\hotspot\share\interpreter\linkResolver.cpp, line 759]
Event: 2.675 Thread 0x00000131b7f64d20 Exception <a 'java/lang/NoSuchMethodError'{0x000000074cb97060}: 'java.lang.Object java.lang.invoke.DirectMethodHandle$Holder.newInvokeSpecial(java.lang.Object, long)'> (0x000000074cb97060) 
thrown [s\src\hotspot\share\interpreter\linkResolver.cpp, line 759]
Event: 2.677 Thread 0x00000131b7f64d20 Exception <a 'java/lang/NoSuchMethodError'{0x000000074cb9e8f8}: 'void java.lang.invoke.DirectMethodHandle$Holder.invokeVirtual(java.lang.Object, java.lang.Object, java.lang.Object, java.lang.Object)'> (0x000000074cb9e8f8) 
thrown [s\src\hotspot\share\interpreter\linkResolver.cpp, line 759]
Event: 2.728 Thread 0x00000131b7f64d20 Exception <a 'java/lang/NoSuchMethodError'{0x000000074c855a08}: 'java.lang.Object java.lang.invoke.DirectMethodHandle$Holder.invokeSpecial(java.lang.Object, java.lang.Object, long, java.lang.Object, java.lang.Object, java.lang.Object, java.lang.Object, java.lang.Object, java.lang.Object)'> (0x000000074c855a08) 
thrown [s\src\hotspot\share\interpreter\linkResolver.cpp, line 759]
Event: 2.729 Thread 0x00000131b7f64d20 Exception <a 'java/lang/NoSuchMethodError'{0x000000074c85a288}: 'java.lang.Object java.lang.invoke.DelegatingMethodHandle$Holder.reinvoke_L(java.lang.Object, long, java.lang.Object, java.lang.Object, java.lang.Object, java.lang.Object, java.lang.Object, java.lang.Object)'> (0x000000074c85a288) 
thrown [s\src\hotspot\share\interpreter\linkResolver.cpp, line 759]

VM Operations (20 events):
Event: 0.465 Executing VM operation: HandshakeAllThreads
Event: 0.465 Executing VM operation: HandshakeAllThreads done
Event: 0.622 Executing VM operation: HandshakeAllThreads
Event: 0.622 Executing VM operation: HandshakeAllThreads done
Event: 0.688 Executing VM operation: HandshakeAllThreads
Event: 0.688 Executing VM operation: HandshakeAllThreads done
Event: 0.969 Executing VM operation: HandshakeAllThreads
Event: 0.970 Executing VM operation: HandshakeAllThreads done
Event: 1.010 Executing VM operation: HandshakeAllThreads
Event: 1.010 Executing VM operation: HandshakeAllThreads done
Event: 1.022 Executing VM operation: G1CollectForAllocation
Event: 1.032 Executing VM operation: G1CollectForAllocation done
Event: 1.456 Executing VM operation: G1CollectForAllocation
Event: 1.459 Executing VM operation: G1CollectForAllocation done
Event: 1.539 Executing VM operation: HandshakeAllThreads
Event: 1.539 Executing VM operation: HandshakeAllThreads done
Event: 2.243 Executing VM operation: HandshakeAllThreads
Event: 2.243 Executing VM operation: HandshakeAllThreads done
Event: 2.284 Executing VM operation: HandshakeAllThreads
Event: 2.284 Executing VM operation: HandshakeAllThreads done

Events (20 events):
Event: 2.576 loading class java/util/concurrent/ConcurrentLinkedDeque$Itr
Event: 2.576 loading class java/util/concurrent/ConcurrentLinkedDeque$AbstractItr
Event: 2.576 loading class java/util/concurrent/ConcurrentLinkedDeque$AbstractItr done
Event: 2.576 loading class java/util/concurrent/ConcurrentLinkedDeque$Itr done
Event: 2.576 loading class java/io/UnsupportedEncodingException
Event: 2.576 loading class java/io/UnsupportedEncodingException done
Event: 2.576 loading class java/nio/charset/CharacterCodingException
Event: 2.576 loading class java/nio/charset/CharacterCodingException done
Event: 2.666 loading class java/util/concurrent/ScheduledExecutorService
Event: 2.666 loading class java/util/concurrent/ScheduledExecutorService done
Event: 2.667 loading class java/util/concurrent/Executors$DefaultThreadFactory
Event: 2.667 loading class java/util/concurrent/Executors$DefaultThreadFactory done
Event: 2.701 loading class java/util/Collections$UnmodifiableMap$UnmodifiableEntrySet$UnmodifiableEntrySetSpliterator
Event: 2.713 loading class java/util/Collections$UnmodifiableMap$UnmodifiableEntrySet$UnmodifiableEntrySetSpliterator done
Event: 2.713 loading class java/util/HashMap$EntrySpliterator
Event: 2.713 loading class java/util/HashMap$EntrySpliterator done
Event: 2.748 loading class java/util/Stack
Event: 2.749 loading class java/util/Stack done
Event: 2.749 loading class java/util/Vector$Itr
Event: 2.749 loading class java/util/Vector$Itr done


Dynamic libraries:
0x00007ff77f440000 - 0x00007ff77f44e000 	C:\Program Files\Eclipse Adoptium\jdk-17.0.10.7-hotspot\bin\java.exe
0x00007ff90f430000 - 0x00007ff90f628000 	C:\Windows\SYSTEM32\ntdll.dll
0x00007ff90f2a0000 - 0x00007ff90f35d000 	C:\Windows\System32\KERNEL32.DLL
0x00007ff90d160000 - 0x00007ff90d456000 	C:\Windows\System32\KERNELBASE.dll
0x00007ff90cbc0000 - 0x00007ff90ccc0000 	C:\Windows\System32\ucrtbase.dll
0x00007ff904500000 - 0x00007ff904517000 	C:\Program Files\Eclipse Adoptium\jdk-17.0.10.7-hotspot\bin\jli.dll
0x00007ff90e600000 - 0x00007ff90e79e000 	C:\Windows\System32\USER32.dll
0x00007ff90cde0000 - 0x00007ff90ce02000 	C:\Windows\System32\win32u.dll
0x00007ff90e5b0000 - 0x00007ff90e5db000 	C:\Windows\System32\GDI32.dll
0x00007ff90ccc0000 - 0x00007ff90cdd7000 	C:\Windows\System32\gdi32full.dll
0x00007ff90d0c0000 - 0x00007ff90d15d000 	C:\Windows\System32\msvcp_win.dll
0x00007ff9043e0000 - 0x00007ff9043fb000 	C:\Program Files\Eclipse Adoptium\jdk-17.0.10.7-hotspot\bin\VCRUNTIME140.dll
0x00007ff8f9aa0000 - 0x00007ff8f9d3a000 	C:\Windows\WinSxS\amd64_microsoft.windows.common-controls_6595b64144ccf1df_6.0.19041.3636_none_60b6a03d71f818d5\COMCTL32.dll
0x00007ff90d470000 - 0x00007ff90d50e000 	C:\Windows\System32\msvcrt.dll
0x00007ff90ee70000 - 0x00007ff90eea2000 	C:\Windows\System32\IMM32.DLL
0x00007ff9043d0000 - 0x00007ff9043dc000 	C:\Program Files\Eclipse Adoptium\jdk-17.0.10.7-hotspot\bin\vcruntime140_1.dll
0x00007ff8e7010000 - 0x00007ff8e709d000 	C:\Program Files\Eclipse Adoptium\jdk-17.0.10.7-hotspot\bin\msvcp140.dll
0x00007ff8ab400000 - 0x00007ff8ac062000 	C:\Program Files\Eclipse Adoptium\jdk-17.0.10.7-hotspot\bin\server\jvm.dll
0x00007ff90f120000 - 0x00007ff90f1d0000 	C:\Windows\System32\ADVAPI32.dll
0x00007ff90e510000 - 0x00007ff90e5b0000 	C:\Windows\System32\sechost.dll
0x00007ff90e8c0000 - 0x00007ff90e9e5000 	C:\Windows\System32\RPCRT4.dll
0x00007ff90cb90000 - 0x00007ff90cbb7000 	C:\Windows\System32\bcrypt.dll
0x00007ff90c940000 - 0x00007ff90c98b000 	C:\Windows\SYSTEM32\POWRPROF.dll
0x00007ff8f6260000 - 0x00007ff8f6269000 	C:\Windows\SYSTEM32\WSOCK32.dll
0x00007ff90f230000 - 0x00007ff90f29b000 	C:\Windows\System32\WS2_32.dll
0x00007ff8f9230000 - 0x00007ff8f9257000 	C:\Windows\SYSTEM32\WINMM.dll
0x00007ff901500000 - 0x00007ff90150a000 	C:\Windows\SYSTEM32\VERSION.dll
0x00007ff90c920000 - 0x00007ff90c932000 	C:\Windows\SYSTEM32\UMPDC.dll
0x00007ff90b320000 - 0x00007ff90b332000 	C:\Windows\SYSTEM32\kernel.appcore.dll
0x00007ff9043c0000 - 0x00007ff9043ca000 	C:\Program Files\Eclipse Adoptium\jdk-17.0.10.7-hotspot\bin\jimage.dll
0x00007ff90b030000 - 0x00007ff90b214000 	C:\Windows\SYSTEM32\DBGHELP.DLL
0x00007ff8f3a30000 - 0x00007ff8f3a64000 	C:\Windows\SYSTEM32\dbgcore.DLL
0x00007ff90ce60000 - 0x00007ff90cee2000 	C:\Windows\System32\bcryptPrimitives.dll
0x00007ff8ef0e0000 - 0x00007ff8ef105000 	C:\Program Files\Eclipse Adoptium\jdk-17.0.10.7-hotspot\bin\java.dll
0x00007ff8db660000 - 0x00007ff8db737000 	C:\Program Files\Eclipse Adoptium\jdk-17.0.10.7-hotspot\bin\jsvml.dll
0x00007ff90d520000 - 0x00007ff90dc8b000 	C:\Windows\System32\SHELL32.dll
0x00007ff90a7c0000 - 0x00007ff90af5e000 	C:\Windows\SYSTEM32\windows.storage.dll
0x00007ff90e9f0000 - 0x00007ff90ed43000 	C:\Windows\System32\combase.dll
0x00007ff90c440000 - 0x00007ff90c46e000 	C:\Windows\SYSTEM32\Wldp.dll
0x00007ff90e290000 - 0x00007ff90e35d000 	C:\Windows\System32\OLEAUT32.dll
0x00007ff90edc0000 - 0x00007ff90ee6d000 	C:\Windows\System32\SHCORE.dll
0x00007ff90f1d0000 - 0x00007ff90f225000 	C:\Windows\System32\shlwapi.dll
0x00007ff90ca10000 - 0x00007ff90ca35000 	C:\Windows\SYSTEM32\profapi.dll
0x00007ff9043a0000 - 0x00007ff9043b9000 	C:\Program Files\Eclipse Adoptium\jdk-17.0.10.7-hotspot\bin\net.dll
0x00007ff8fce40000 - 0x00007ff8fcf4a000 	C:\Windows\SYSTEM32\WINHTTP.dll
0x00007ff90c1a0000 - 0x00007ff90c20a000 	C:\Windows\system32\mswsock.dll
0x00007ff8f0bc0000 - 0x00007ff8f0bd6000 	C:\Program Files\Eclipse Adoptium\jdk-17.0.10.7-hotspot\bin\nio.dll
0x00007ff8efc00000 - 0x00007ff8efc18000 	C:\Program Files\Eclipse Adoptium\jdk-17.0.10.7-hotspot\bin\zip.dll

dbghelp: loaded successfully - version: 4.0.5 - missing functions: none
symbol engine: initialized successfully - sym options: 0x614 - pdb path: .;C:\Program Files\Eclipse Adoptium\jdk-17.0.10.7-hotspot\bin;C:\Windows\SYSTEM32;C:\Windows\WinSxS\amd64_microsoft.windows.common-controls_6595b64144ccf1df_6.0.19041.3636_none_60b6a03d71f818d5;C:\Program Files\Eclipse Adoptium\jdk-17.0.10.7-hotspot\bin\server

VM Arguments:
jvm_args: -XX:+ShowCodeDetailsInExceptionMessages 
java_command: com.star_movies.StarMoviesApplication
java_class_path (initial): C:\Users\PETER\Desktop\Duc_CaseStudy_Module4\build\resources\main;C:\Users\PETER\Desktop\Duc_CaseStudy_Module4\build\classes\java\main;C:\Users\PETER\.gradle\caches\modules-2\files-2.1\jakarta.transaction\jakarta.transaction-api\2.0.1\51a520e3fae406abb84e2e1148e6746ce3f80a1a\jakarta.transaction-api-2.0.1.jar;C:\Users\PETER\.gradle\caches\modules-2\files-2.1\com.fasterxml.jackson.core\jackson-core\2.19.1\6e5a8cb8a6cada322497cefb7726657d98aaee15\jackson-core-2.19.1.jar;C:\Users\PETER\.gradle\caches\modules-2\files-2.1\org.springframework.boot\spring-boot-starter-thymeleaf\3.5.3\17304681e405e320c7eb77b980589d857296c22c\spring-boot-starter-thymeleaf-3.5.3.jar;C:\Users\PETER\.gradle\caches\modules-2\files-2.1\org.springframework\spring-tx\6.2.8\6b2eecf34f0810dd989f7e7bfa8fd8c86fe28dfb\spring-tx-6.2.8.jar;C:\Users\PETER\.gradle\caches\modules-2\files-2.1\org.projectlombok\lombok\1.18.38\57f8f5e02e92a30fd21b80cbd426a4172b5f8e29\lombok-1.18.38.jar;C:\Users\PETER\.gradle\caches\modules-2\files-2.1\org.antlr\antlr4-runtime\4.13.0\5a02e48521624faaf5ff4d99afc88b01686af655\antlr4-runtime-4.13.0.jar;C:\Users\PETER\.gradle\caches\modules-2\files-2.1\org.springframework\spring-jdbc\6.2.8\2927be130aa08d6513804a048eb6065ab5c51a1d\spring-jdbc-6.2.8.jar;C:\Users\PETER\.gradle\caches\modules-2\files-2.1\org.hibernate.common\hibernate-commons-annotations\7.0.3.Final\e183c4be8bb41d12e9f19b374e00c34a0a85f439\hibernate-commons-annotations-7.0.3.Final.jar;C:\Users\PETER\.gradle\caches\modules-2\files-2.1\org.springframework.boot\spring-boot-starter-web\3.5.3\4ba7817f958e9a0b0f642af98440affd0c7e2ee0\spring-boot-starter-web-3.5.3.jar;C:\Users\PETER\.gradle\caches\modules-2\files-2.1\com.sun.istack\istack-commons-runtime\4.1.2\18ec117c85f3ba0ac65409136afa8e42bc74e739\istack-commons-runtime-4.1.2.jar;C:\Users\PETER\.gradle\caches\modules-2\files-2.1\org.slf4j\slf4j-api\2.0.17\d9e58ac9c7779ba3bf8142aff6c830617a7fe60f\slf4j-api-2.0.17.jar;C:\Users\PETER\.gradle\caches\
Launcher Type: SUN_STANDARD

[Global flags]
     intx CICompilerCount                          = 3                                         {product} {ergonomic}
     uint ConcGCThreads                            = 1                                         {product} {ergonomic}
     uint G1ConcRefinementThreads                  = 4                                         {product} {ergonomic}
   size_t G1HeapRegionSize                         = 2097152                                   {product} {ergonomic}
    uintx GCDrainStackTargetSize                   = 64                                        {product} {ergonomic}
   size_t InitialHeapSize                          = 201326592                                 {product} {ergonomic}
   size_t MarkStackSize                            = 4194304                                   {product} {ergonomic}
   size_t MaxHeapSize                              = 3193962496                                {product} {ergonomic}
   size_t MaxNewSize                               = 1914699776                                {product} {ergonomic}
   size_t MinHeapDeltaBytes                        = 2097152                                   {product} {ergonomic}
   size_t MinHeapSize                              = 8388608                                   {product} {ergonomic}
    uintx NonNMethodCodeHeapSize                   = 5832780                                {pd product} {ergonomic}
    uintx NonProfiledCodeHeapSize                  = 122912730                              {pd product} {ergonomic}
    uintx ProfiledCodeHeapSize                     = 122912730                              {pd product} {ergonomic}
    uintx ReservedCodeCacheSize                    = 251658240                              {pd product} {ergonomic}
     bool SegmentedCodeCache                       = true                                      {product} {ergonomic}
     bool ShowCodeDetailsInExceptionMessages       = true                                   {manageable} {command line}
   size_t SoftMaxHeapSize                          = 3193962496                             {manageable} {ergonomic}
     bool UseCompressedClassPointers               = true                           {product lp64_product} {ergonomic}
     bool UseCompressedOops                        = true                           {product lp64_product} {ergonomic}
     bool UseG1GC                                  = true                                      {product} {ergonomic}
     bool UseLargePagesIndividualAllocation        = false                                  {pd product} {ergonomic}

Logging:
Log output configuration:
 #0: stdout all=warning uptime,level,tags
 #1: stderr all=off uptime,level,tags

Environment Variables:
JAVA_HOME=C:\Program Files\Eclipse Adoptium\jdk-21.0.2.13-hotspot
PATH=C:\Users\PETER\AppData\Roaming\Code\User\globalStorage\pleiades.java-extension-pack-jdk\gradle\latest\bin;C:\Users\PETER\AppData\Roaming\Code\User\globalStorage\pleiades.java-extension-pack-jdk\maven\latest\bin;C:\Program Files\Eclipse Adoptium\jdk-21.0.2.13-hotspot\bin;c:\Users\PETER\AppData\Local\Programs\cursor\resources\app\bin;C:\Program Files\Eclipse Adoptium\jdk-21.0.2.13-hotspot\bin;C:\Program Files\Eclipse Adoptium\jdk-11.0.22.7-hotspot\bin;C:\Program Files\Eclipse Adoptium\jdk-17.0.10.7-hotspot\bin;C:\Program Files (x86)\Eclipse Adoptium\jdk-8.0.402.6-hotspot\bin;C:\Program Files\Eclipse Adoptium\jdk-8.0.402.6-hotspot\bin;C:\Windows\system32;C:\Windows;C:\Windows\System32\Wbem;C:\Windows\System32\WindowsPowerShell\v1.0\;C:\Program Files\gs\gs10.02.1\bin;C:\Program Files (x86)\dotnet\;C:\Program Files\dotnet\;C:\Program Files\Git\cmd;C:\Program Files\MySQL\MySQL Server 8.4\bin;C:\Users\PETER\AppData\Local\Microsoft\WindowsApps;C:\Program Files\JetBrains\IntelliJ IDEA 2023.3.8\bin;C:\Users\PETER\Documents\WhatINeed\apache-maven-3.9.10\bin;C:\Program Files\JetBrains\IntelliJ IDEA Community Edition 2023.3.8\bin;C:\Users\PETER\AppData\Local\Programs\cursor\resources\app\bin;c:\Users\PETER\AppData\Local\Programs\cursor\resources\app\bin;C:\Windows\System32\OpenSSH\;C:\Users\PETER\AppData\Local\Microsoft\WindowsApps;C:\Program Files\JetBrains\IntelliJ IDEA 2023.3.8\bin;;C:\Users\PETER\AppData\Local\Programs\Microsoft VS Code\bin;C:\Users\PETER\Documents\WhatINeed\apache-maven-3.9.10\bin;;C:\Program Files\JetBrains\IntelliJ IDEA Community Edition 2023.3.8\bin;;C:\Users\PETER\AppData\Local\Programs\cursor\resources\app\bin
USERNAME=PETER
LANG=en_US.UTF-8
OS=Windows_NT
PROCESSOR_IDENTIFIER=Intel64 Family 6 Model 78 Stepping 3, GenuineIntel
TMP=C:\Users\PETER\AppData\Local\Temp
TEMP=C:\Users\PETER\AppData\Local\Temp



Periodic native trim disabled


---------------  S Y S T E M  ---------------

OS:
 Windows 10 , 64 bit Build 19041 (10.0.19041.3636)
OS uptime: 0 days 2:12 hours

CPU: total 4 (initial active 4) (2 cores per cpu, 2 threads per core) family 6 model 78 stepping 3 microcode 0xf0, cx8, cmov, fxsr, ht, mmx, 3dnowpref, sse, sse2, sse3, ssse3, sse4.1, sse4.2, popcnt, lzcnt, tsc, tscinvbit, avx, avx2, aes, erms, clmul, bmi1, bmi2, rtm, adx, fma, vzeroupper, clflush, clflushopt
Processor Information for all 4 processors :
  Max Mhz: 2501, Current Mhz: 2501, Mhz Limit: 2501

Memory: 4k page, system-wide physical 12179M (1241M free)
TotalPageFile size 12179M (AvailPageFile size 285M)
current process WorkingSet (physical memory assigned to process): 97M, peak: 97M
current process commit charge ("private bytes"): 304M, peak: 304M

vm_info: OpenJDK 64-Bit Server VM (17.0.10+7) for windows-amd64 JRE (17.0.10+7), built on Jan 16 2024 23:25:11 by "admin" with MS VC++ 16.10 / 16.11 (VS2019)

END.
